Removed Pin From Net: NetName=VCC 3.3V Pin=P2-2
Removed Pin From Net: NetName=P22 Pin=P2-3
Removed Pin From Net: NetName=GND Pin=P3-1
Removed Pin From Net: NetName=P21 Pin=P3-2
Removed Pin From Net: NetName=VCC 5V Pin=P3-3
Removed Pin From Net: NetName=P17 Pin=P3-4
Removed Pin From Net: NetName=P16 Pin=P3-5
Removed Pin From Net: NetName=P15 Pin=P3-6
Removed Pin From Net: NetName=P14 Pin=P3-7
Removed Pin From Net: NetName=P13 Pin=P3-8
Removed Pin From Net: NetName=P12 Pin=P3-9
Removed Pin From Net: NetName=P11 Pin=P3-10
Removed Pin From Net: NetName=P10 Pin=P3-11
Removed Pin From Net: NetName=P07 Pin=P3-12
Removed Pin From Net: NetName=RST Pin=P4-1
Removed Pin From Net: NetName=P00 Pin=P4-2
Removed Pin From Net: NetName=P01 Pin=P4-3
Removed Pin From Net: NetName=P02 Pin=P4-4
Removed Pin From Net: NetName=P03 Pin=P4-5
Removed Pin From Net: NetName=P04 Pin=P4-6
Removed Pin From Net: NetName=P05 Pin=P4-7
Removed Pin From Net: NetName=P06 Pin=P4-8
Removed Pin From Net: NetName=VCC 3.3V Pin=P4-9
Removed Pin From Net: NetName=GND Pin=P4-10
Removed Pin From Net: NetName=VCC 3.3V Pin=P4-11
Removed Pin From Net: NetName=GND Pin=P4-12
Change Component Designator: OldDesignator=P2 NewDesignator=P4
Added Component: Designator=P5(HDR2X6_CEN)
Added Component: Designator=P6(HDR2X6_CEN)
Added Pin To Net: NetName=P06 Pin=P2-2
Added Pin To Net: NetName=VCC 5V Pin=P2-3
Added Pin To Net: NetName=GND Pin=P3-1
Added Pin To Net: NetName=P07 Pin=P3-2
Added Pin To Net: NetName=VCC 5V Pin=P3-3
Added Pin To Net: NetName=GND Pin=P4-1
Added Pin To Net: NetName=VCC 3.3V Pin=P4-2
Added Pin To Net: NetName=P22 Pin=P4-3
Added Pin To Net: NetName=P21 Pin=P4-4
Added Pin To Net: NetName=RST Pin=P4-7
Added Pin To Net: NetName=P22 Pin=P5-1
Added Pin To Net: NetName=P21 Pin=P5-2
Added Pin To Net: NetName=P20 Pin=P5-3
Added Pin To Net: NetName=P17 Pin=P5-4
Added Pin To Net: NetName=P16 Pin=P5-5
Added Pin To Net: NetName=P15 Pin=P5-6
Added Pin To Net: NetName=P14 Pin=P5-7
Added Pin To Net: NetName=P13 Pin=P5-8
Added Pin To Net: NetName=P12 Pin=P5-9
Added Pin To Net: NetName=P11 Pin=P5-10
Added Pin To Net: NetName=P10 Pin=P5-11
Added Pin To Net: NetName=P07 Pin=P5-12
Added Pin To Net: NetName=RST Pin=P6-1
Added Pin To Net: NetName=P00 Pin=P6-2
Added Pin To Net: NetName=P01 Pin=P6-3
Added Pin To Net: NetName=P02 Pin=P6-4
Added Pin To Net: NetName=P03 Pin=P6-5
Added Pin To Net: NetName=P04 Pin=P6-6
Added Pin To Net: NetName=P05 Pin=P6-7
Added Pin To Net: NetName=P06 Pin=P6-8
Added Pin To Net: NetName=VCC 3.3V Pin=P6-9
Added Pin To Net: NetName=GND Pin=P6-10
Added Pin To Net: NetName=VCC 3.3V Pin=P6-11
Added Pin To Net: NetName=GND Pin=P6-12
Added Member To Class: ClassName=CC2530 Member=Component P6 HEARD2
Added Room: Name=CC2530
