Removed Pin From Net: NetName=VCC 3.3V Pin=P2-2
Removed Pin From Net: NetName=VCC 5V Pin=P3-3
Change Component Footprint: Designator=J1 Old Footprint=MHDR2X6 New Footprint=HDR2X6_CEN
Change Component Footprint: Designator=J2 Old Footprint=MHDR2X6 New Footprint=HDR2X6_CEN
Change Component Footprint: Designator=P3 Old Footprint=MHDR2X6 New Footprint=HDR2X6_CEN
Change Component Footprint: Designator=P4 Old Footprint=MHDR2X6 New Footprint=HDR2X6_CEN
Added Pin To Net: NetName=GND Pin=P2-1
Added Pin To Net: NetName=VCC 3.3V Pin=P2-2
Added Pin To Net: NetName=P22 Pin=P2-3
Added Pin To Net: NetName=GND Pin=P3-1
Added Pin To Net: NetName=P20 Pin=P3-3
Added Pin To Net: NetName=VCC 5V Pin=P3-3
Added Pin To Net: NetName=P17 Pin=P3-4
Added Pin To Net: NetName=P16 Pin=P3-5
Added Pin To Net: NetName=P15 Pin=P3-6
Added Pin To Net: NetName=P14 Pin=P3-7
Added Pin To Net: NetName=P13 Pin=P3-8
Added Pin To Net: NetName=P12 Pin=P3-9
Added Pin To Net: NetName=P11 Pin=P3-10
Added Pin To Net: NetName=P10 Pin=P3-11
Added Pin To Net: NetName=P07 Pin=P3-12
Added Room: Name=CC2530
